<?xml version="1.0" encoding="UTF-8"?>
<!-- Generated by org.testng.reporters.JUnitReportReporter -->
<testsuite hostname="GBLNB-PG034KGC" failures="1" tests="7" name="com.galaxe.TestCase.TC001_GET_AllEmployees" time="39.217" errors="0" timestamp="2022-11-17T13:03:14 IST" skipped="0">
  <testcase classname="com.galaxe.TestCase.TC001_GET_AllEmployees" name="checkStatusLine" time="6.049"/>
  <system-out/>
  <testcase classname="com.galaxe.TestCase.TC001_GET_AllEmployees" name="checkContentEncoding" time="6.024"/>
  <system-out/>
  <testcase classname="com.galaxe.TestCase.TC001_GET_AllEmployees" name="checkContentType" time="6.025"/>
  <system-out/>
  <testcase classname="com.galaxe.TestCase.TC001_GET_AllEmployees" name="checkServerType" time="6.040"/>
  <system-out/>
  <testcase classname="com.galaxe.TestCase.TC001_GET_AllEmployees" name="checkStatusCode" time="3.033">
    <failure message="expected [300] but found [200]" type="java.lang.AssertionError">
      <![CDATA[java.lang.AssertionError: expected [300] but found [200]
at org.testng.Assert.fail(Assert.java:110)
at org.testng.Assert.failNotEquals(Assert.java:1413)
at org.testng.Assert.assertEqualsImpl(Assert.java:149)
at org.testng.Assert.assertEquals(Assert.java:131)
at org.testng.Assert.assertEquals(Assert.java:1240)
at org.testng.Assert.assertEquals(Assert.java:1274)
at com.galaxe.TestCase.TC001_GET_AllEmployees.checkStatusCode(TC001_GET_AllEmployees.java:40)
at java.base/jdk.internal.reflect.NativeMethodAccessorImpl.invoke0(Native Method)
at java.base/jdk.internal.reflect.NativeMethodAccessorImpl.invoke(NativeMethodAccessorImpl.java:77)
at java.base/jdk.internal.reflect.DelegatingMethodAccessorImpl.invoke(DelegatingMethodAccessorImpl.java:43)
at java.base/java.lang.reflect.Method.invoke(Method.java:568)
at org.testng.internal.invokers.MethodInvocationHelper.invokeMethod(MethodInvocationHelper.java:139)
at org.testng.internal.invokers.TestInvoker.invokeMethod(TestInvoker.java:677)
at org.testng.internal.invokers.TestInvoker.invokeTestMethod(TestInvoker.java:221)
at org.testng.internal.invokers.MethodRunner.runInSequence(MethodRunner.java:50)
at org.testng.internal.invokers.TestInvoker$MethodInvocationAgent.invoke(TestInvoker.java:962)
at org.testng.internal.invokers.TestInvoker.invokeTestMethods(TestInvoker.java:194)
at org.testng.internal.invokers.TestMethodWorker.invokeTestMethods(TestMethodWorker.java:148)
at org.testng.internal.invokers.TestMethodWorker.run(TestMethodWorker.java:128)
at java.base/java.util.ArrayList.forEach(ArrayList.java:1511)
at org.testng.TestRunner.privateRun(TestRunner.java:806)
at org.testng.TestRunner.run(TestRunner.java:601)
at org.testng.SuiteRunner.runTest(SuiteRunner.java:433)
at org.testng.SuiteRunner.runSequentially(SuiteRunner.java:427)
at org.testng.SuiteRunner.privateRun(SuiteRunner.java:387)
at org.testng.SuiteRunner.run(SuiteRunner.java:330)
at org.testng.SuiteRunnerWorker.runSuite(SuiteRunnerWorker.java:52)
at org.testng.SuiteRunnerWorker.run(SuiteRunnerWorker.java:95)
at org.testng.TestNG.runSuitesSequentially(TestNG.java:1256)
at org.testng.TestNG.runSuitesLocally(TestNG.java:1176)
at org.testng.TestNG.runSuites(TestNG.java:1099)
at org.testng.TestNG.run(TestNG.java:1067)
at org.testng.remote.AbstractRemoteTestNG.run(AbstractRemoteTestNG.java:115)
at org.testng.remote.RemoteTestNG.initAndRun(RemoteTestNG.java:251)
at org.testng.remote.RemoteTestNG.main(RemoteTestNG.java:77)
]]>
    </failure>
  </testcase> <!-- checkStatusCode -->
  <system-out/>
  <testcase classname="com.galaxe.TestCase.TC001_GET_AllEmployees" name="checkCookies" time="6.016"/>
  <system-out/>
  <testcase classname="com.galaxe.TestCase.TC001_GET_AllEmployees" name="checkResponseTime" time="6.030"/>
  <system-out/>
</testsuite> <!-- com.galaxe.TestCase.TC001_GET_AllEmployees -->
